
 <ygosu> start : 2017-10-17 07:59:32.896051runtime : 47.17378759384155
 <ygosu> start : 2017-10-17 08:03:07.230779runtime : 41.324175119400024
 <ygosu> start : 2017-10-17 08:07:08.286297runtime : 41.881253480911255
 <ygosu> start : 2017-10-17 08:08:34.388848runtime : 40.185667753219604
 <ygosu> start : 2017-10-17 08:10:48.131328runtime : 36.32990479469299
 <ygosu> start : 2017-10-17 08:11:54.139712runtime : 29.47630262374878
 <ygosu> start : 2017-10-17 08:12:39.235383runtime : 30.928346157073975
 <ygosu> start : 2017-10-17 08:13:16.511235runtime : 31.705848217010498
 <ygosu> start : 2017-10-17 08:14:10.656734runtime : 33.965155839920044
 <ygosu> start : 2017-10-17 08:15:21.681517runtime : 31.37547278404236
 <ygosu> start : 2017-10-17 08:15:55.768104runtime : 28.17940640449524
 <ygosu> start : 2017-10-17 08:16:31.804355runtime : 30.653989791870117
 <ygosu> start : 2017-10-17 08:17:12.410664runtime : 28.221290111541748
 <ygosu> start : 2017-10-17 08:18:02.317966runtime : 28.272793292999268
 <ygosu> start : 2017-10-17 08:18:37.179148runtime : 27.817304134368896
 <ygosu> start : 2017-10-17 08:19:41.170166runtime : 27.304463148117065
 <ygosu> start : 2017-10-17 08:20:20.967462runtime : 29.20557737350464
 <ygosu> start : 2017-10-17 08:21:41.162126runtime : 27.510595083236694
 <ygosu> start : 2017-10-17 08:25:03.441178runtime : 29.416784048080444
 <ygosu> start : 2017-10-17 08:28:11.888959runtime : 45.13282561302185
 <ygosu> start : 2017-10-17 08:30:06.290765runtime : 44.29036617279053
 <ygosu> start : 2017-10-17 08:54:05.684412runtime : 44.9974319934845
 <ygosu> start : 2017-10-17 08:55:13.397145runtime : 28.319934606552124
 <ygosu> start : 2017-10-17 08:55:59.212395runtime : 34.495821952819824
 <ygosu> start : 2017-10-17 08:58:28.727182runtime : 42.1178777217865
 <ygosu> start : 2017-10-17 08:59:56.054433runtime : 27.594409942626953
 <ygosu> start : 2017-10-17 09:00:49.008780runtime : 46.33970856666565
 <ygosu> start : 2017-10-17 09:03:39.892803runtime : 55.04659867286682
 <ygosu> start : 2017-10-17 09:05:10.096740runtime : 42.23082733154297
 <ygosu> start : 2017-10-17 09:06:40.804713runtime : 60.81590437889099
 <ygosu> start : 2017-10-17 09:08:07.332980runtime : 57.99968481063843
 <ygosu> start : 2017-10-17 09:09:50.802347runtime : 65.40379357337952
 <ygosu> start : 2017-10-17 09:11:42.876221runtime : 41.636935234069824
 <ygosu> start : 2017-10-17 09:16:09.844929runtime : 33.23013472557068
 <ygosu> start : 2017-10-17 09:19:17.817917runtime : 37.69603419303894
 <ygosu> start : 2017-10-17 09:21:39.000953runtime : 27.798481941223145
 <ygosu> start : 2017-10-17 09:22:30.312349runtime : 27.522062063217163
 <ygosu> start : 2017-10-17 09:25:59.740097runtime : 41.887293338775635
 <ygosu> start : 2017-10-17 09:29:09.869019runtime : 38.74615526199341
 <ygosu> start : 2017-10-17 09:30:01.758694runtime : 38.48226451873779
 <ygosu> start : 2017-10-17 09:36:02.210298runtime : 43.79653882980347
 <ygosu> start : 2017-10-17 09:38:53.744589runtime : 42.54369306564331
 <ygosu> start : 2017-10-17 09:51:10.022035runtime : 29.041882276535034
 <ygosu> start : 2017-10-17 09:52:44.206228runtime : 28.737174034118652
 <ygosu> start : 2017-10-17 09:53:52.453177runtime : 35.400843143463135
 <ygosu> start : 2017-10-17 09:55:11.540752runtime : 28.475685358047485
 <ygosu> start : 2017-10-17 09:56:27.542337runtime : 35.634363412857056
 <ygosu> start : 2017-10-17 09:58:28.868193runtime : 53.05883169174194
 <ygosu> start : 2017-10-17 09:59:27.913212runtime : 41.400758028030396
 <ygosu> start : 2017-10-17 10:00:18.370087runtime : 42.437177419662476
 <ygosu> start : 2017-10-17 10:01:07.814420runtime : 43.59120488166809
 <ygosu> start : 2017-10-17 10:02:31.360071runtime : 42.09116053581238
 <ygosu> start : 2017-10-17 10:06:04.378739runtime : 46.79493308067322
 <ygosu> start : 2017-10-17 10:08:06.175166runtime : 45.0979528427124
 <ygosu> start : 2017-10-17 10:28:42.664424runtime : 60.3477578163147
 <ygosu> start : 2017-10-17 10:29:46.730813runtime : 59.53140139579773
 <ygosu> start : 2017-10-17 10:31:24.485597runtime : 61.464311838150024
 <ygosu> start : 2017-10-17 11:03:52.538624runtime : 64.46329188346863
 <ygosu> start : 2017-10-17 11:08:08.826580runtime : 38.764235973358154
 <ygosu> start : 2017-10-17 11:10:15.444884runtime : 39.698004484176636
 <ygosu> start : 2017-10-17 11:15:50.994699runtime : 41.65482306480408
 <ygosu> start : 2017-10-17 11:18:34.106404runtime : 41.44561529159546
 <ygosu> start : 2017-10-17 11:20:36.463872runtime : 36.340439558029175
 <ygosu> start : 2017-10-17 11:21:33.192697runtime : 36.35730791091919
 <ygosu> start : 2017-10-17 11:23:14.210198runtime : 37.184574604034424
 <ygosu> start : 2017-10-17 11:24:26.102190runtime : 44.667935848236084
 <ygosu> start : 2017-10-17 11:27:51.502289runtime : 68.89407849311829
 <becle> start : 2017-10-17 22:20:53.946012runtime : 0.6216282844543457
 <becle> start : 2017-10-17 22:24:51.107900runtime : 0.46663379669189453
 <becle> start : 2017-10-17 22:25:29.327913runtime : 0.8896620273590088
 <becle> start : 2017-10-17 22:27:44.503310runtime : 0.8548414707183838
 <becle> start : 2017-10-17 22:31:16.854462runtime : 0.790229082107544
 <becle> start : 2017-10-17 22:32:08.911644runtime : 0.4489765167236328
 <becle> start : 2017-10-17 22:32:30.400941runtime : 0.7594664096832275
 <becle> start : 2017-10-17 22:32:52.634080runtime : 0.7770085334777832
 <becle> start : 2017-10-17 22:34:40.912362runtime : 0.9447708129882812
 <becle> start : 2017-10-17 22:35:45.510014runtime : 0.8243613243103027
 <becle> start : 2017-10-17 22:37:34.321502runtime : 0.8822197914123535
 <becle> start : 2017-10-17 22:38:48.600060runtime : 0.2694065570831299
 <becle> start : 2017-10-17 22:39:14.437225runtime : 0.41231608390808105
 <becle> start : 2017-10-17 22:39:36.804608runtime : 0.48978185653686523
 <becle> start : 2017-10-17 22:40:46.208314runtime : 0.3669605255126953
 <becle> start : 2017-10-17 22:42:57.219058runtime : 90.76127934455872
 <becle> start : 2017-10-17 22:56:01.088444runtime : 589.5152161121368
 <becle> start : 2017-10-17 23:10:39.626403runtime : 258.03144001960754
 <dramameeting> start : 2017-10-18 21:44:59.845130runtime : 0.2229633331298828
 <dramameeting> start : 2017-10-18 21:45:29.219534runtime : 0.2039659023284912
 <dramameeting> start : 2017-10-18 21:46:02.305043runtime : 0.20006632804870605
 <dramameeting> start : 2017-10-18 21:46:33.084886runtime : 8.142000913619995
 <dramameeting> start : 2017-10-18 21:47:03.673528runtime : 1.315748691558838
 <dramameeting> start : 2017-10-18 21:52:11.032960runtime : 23.017179012298584
 <dramameeting> start : 2017-10-18 22:02:21.094333runtime : 188.70183753967285
 <dramameeting> start : 2017-10-18 22:33:01.389012runtime : 1584.92871260643
 <bhu> start : 2017-10-19 17:28:40.852256runtime : 0.2792491912841797
 <bhu> start : 2017-10-19 17:29:53.028407runtime : 0.20861101150512695
 <bhu> start : 2017-10-19 17:30:29.018443runtime : 0.21999120712280273
 <bhu> start : 2017-10-19 17:31:15.691822runtime : 0.2001943588256836
 <bhu> start : 2017-10-19 17:31:50.069138runtime : 0.21088361740112305
 <bhu> start : 2017-10-19 17:32:41.162340runtime : 0.21590065956115723
 <bhu> start : 2017-10-19 17:32:51.852251runtime : 0.23012924194335938
 <bhu> start : 2017-10-19 17:33:04.363236runtime : 0.2117629051208496
 <bhu> start : 2017-10-19 17:34:11.197036runtime : 0.20665478706359863
 <bhu> start : 2017-10-19 17:34:22.055866runtime : 0.21576356887817383
 <bhu> start : 2017-10-19 17:34:45.381554runtime : 0.2118070125579834
 <bhu> start : 2017-10-19 17:38:33.402325runtime : 0.22809267044067383
 <bhu> start : 2017-10-19 17:39:11.449315runtime : 0.2556798458099365
 <bhu> start : 2017-10-19 17:39:22.391254runtime : 0.2457129955291748
 <bhu> start : 2017-10-19 17:40:46.178528runtime : 0.24051785469055176
 <bhu> start : 2017-10-19 17:43:34.672205runtime : 0.21776103973388672
 <bhu> start : 2017-10-19 17:44:18.132801runtime : 0.21088671684265137
 <bhu> start : 2017-10-19 17:46:50.141506runtime : 0.20759320259094238
 <bhu> start : 2017-10-19 17:48:52.085745runtime : 0.2767159938812256
 <bhu> start : 2017-10-19 17:51:03.921346runtime : 2.5395925045013428
 <82cook> start : 2017-10-19 17:52:20.391374runtime : 1.9161527156829834
 <82cook> start : 2017-10-19 17:53:06.308353runtime : 1.069274663925171
 <82cook> start : 2017-10-19 17:53:49.449482runtime : 0.923065185546875
 <82cook> start : 2017-10-19 17:55:09.207801runtime : 0.3252108097076416
 <82cook> start : 2017-10-19 17:55:46.281687runtime : 23.62165093421936
 <82cook> start : 2017-10-19 18:42:45.121932runtime : 2592.317199230194
 <2cpu> start : 2017-10-19 20:59:31.223444runtime : 0.2693369388580322
 <2cpu> start : 2017-10-19 21:00:28.404484runtime : 0.23719000816345215
 <2cpu> start : 2017-10-19 21:00:42.969363runtime : 0.18880867958068848
 <2cpu> start : 2017-10-19 21:01:09.388002runtime : 0.20482254028320312
 <2cpu> start : 2017-10-19 21:01:42.733272runtime : 0.21303963661193848
 <2cpu> start : 2017-10-19 21:04:09.545006runtime : 0.26459383964538574
 <2cpu> start : 2017-10-19 21:04:50.774075runtime : 0.3150639533996582
 <2cpu> start : 2017-10-19 21:09:47.588814runtime : 0.46572113037109375
 <underkg> start : 2017-10-19 21:12:53.729619runtime : 0.277235746383667
 <underkg> start : 2017-10-19 21:13:21.332091runtime : 0.4610750675201416
 <underkg> start : 2017-10-19 21:15:53.815079runtime : 0.4763772487640381
 <underkg> start : 2017-10-19 21:16:46.300962runtime : 4.7638022899627686
 <underkg> start : 2017-10-19 21:17:22.133628runtime : 6.266085863113403
 <underkg> start : 2017-10-19 21:18:13.463642runtime : 6.468041896820068
 <underkg> start : 2017-10-19 21:18:36.012363runtime : 4.639098405838013
 <underkg> start : 2017-10-19 21:21:12.898402runtime : 0.015519380569458008
 <underkg> start : 2017-10-19 21:27:51.516485runtime : 378.98113536834717
 <underkg> start : 2017-10-19 21:40:27.223209runtime : 0.3514397144317627
 <underkg> start : 2017-10-19 21:44:36.607169runtime : 0.30538034439086914
 <underkg> start : 2017-10-19 21:51:19.353582runtime : 336.8134386539459
 <dramameeting> start : 2017-10-20 08:05:30.657407runtime : 1.495934009552002
 <dramameeting> start : 2017-10-20 08:08:17.614202runtime : 1.8826186656951904
 <dramameeting> start : 2017-10-20 08:10:40.515077runtime : 1.152475357055664
 <dramameeting> start : 2017-10-20 08:10:58.672991runtime : 0.38378334045410156
 <dramameeting> start : 2017-10-20 08:15:36.080152runtime : 0.24653840065002441
 <dramameeting> start : 2017-10-20 08:15:56.101535runtime : 0.2520792484283447
 <dramameeting> start : 2017-10-20 08:16:11.247599runtime : 0.25485777854919434
 <dramameeting> start : 2017-10-20 08:16:29.882504runtime : 0.20873379707336426
 <dramameeting> start : 2017-10-20 08:16:46.450894runtime : 0.21093082427978516
 <dramameeting> start : 2017-10-20 08:17:01.062506runtime : 0.29073119163513184
 <dramameeting> start : 2017-10-20 08:17:18.559084runtime : 0.24126410484313965
 <dramameeting> start : 2017-10-20 08:18:23.647366runtime : 0.2389678955078125
 <dramameeting> start : 2017-10-20 08:18:40.371526runtime : 1.1435043811798096
 <dramameeting> start : 2017-10-20 08:19:00.690933runtime : 1.1985032558441162
 <dramameeting> start : 2017-10-20 08:20:19.550618runtime : 10.33914852142334
 <dramameeting> start : 2017-10-20 08:20:49.291365runtime : 1.1900429725646973
 <dramameeting> start : 2017-10-20 08:23:18.836164runtime : 106.74497437477112
 <82cook> start : 2017-10-20 08:25:35.447268runtime : 66.44873023033142
 <becle> start : 2017-10-20 08:27:39.122990runtime : 69.08768701553345
 <bobaedream> start : 2017-10-20 08:33:19.664905runtime : 104.63614249229431
 <clien> start : 2017-10-20 08:36:49.335493runtime : 70.17891263961792
 <gameshot> start : 2017-10-20 08:42:23.873490runtime : 28.184775829315186
 <humoruniv> start : 2017-10-20 08:44:36.278892runtime : 52.774211168289185
 <ruli> start : 2017-10-20 08:46:31.677619runtime : 68.40759420394897
 <thisisgame> start : 2017-10-20 08:47:58.225269runtime : 60.52687907218933
 <ygosu> start : 2017-10-20 08:49:31.061409runtime : 71.91021251678467
 <test> start : 2017-10-21 13:12:25.131681runtime : 0.4391000270843506
 <test> start : 2017-10-21 13:13:22.080246runtime : 1.0375316143035889
 <test> start : 2017-10-21 13:14:04.329737runtime : 0.26134800910949707
 <test> start : 2017-10-21 13:14:19.891160runtime : 0.2301950454711914
 <test> start : 2017-10-21 13:14:34.625142runtime : 1.044356107711792
 <test> start : 2017-10-21 13:20:27.776768runtime : 0.3769710063934326
 <test> start : 2017-10-21 13:21:02.238102runtime : 0.5438947677612305
 <test> start : 2017-10-21 13:22:18.723270runtime : 0.4891226291656494
 <test> start : 2017-10-21 13:26:16.067345runtime : 0.3774709701538086
 <test> start : 2017-10-21 13:27:05.512977runtime : 0.9920697212219238
 <test> start : 2017-10-21 13:28:54.970230runtime : 0.8951084613800049
 <test> start : 2017-10-21 13:29:11.728416runtime : 0.9248285293579102
 <test> start : 2017-10-21 13:29:28.177922runtime : 0.9233944416046143
 <test> start : 2017-10-21 13:30:06.895819runtime : 0.8678750991821289
 <test> start : 2017-10-21 13:30:58.406707runtime : 0.9327147006988525
 <test> start : 2017-10-21 13:31:16.905989runtime : 0.9995369911193848
 <test> start : 2017-10-21 13:31:35.092836runtime : 0.9142720699310303
 <test> start : 2017-10-21 13:32:28.800318runtime : 0.8548665046691895
 <test> start : 2017-10-21 13:33:10.117733runtime : 26.081421375274658
 <giggle> start : 2017-10-21 13:52:06.691600runtime : 973.790452003479
 <test> start : 2017-10-21 13:53:55.731443runtime : 0.4472076892852783
 <test> start : 2017-10-21 13:55:07.396947runtime : 0.33555006980895996
 <test> start : 2017-10-21 13:55:55.004162runtime : 0.3173339366912842
 <test> start : 2017-10-21 13:56:35.439465runtime : 0.27559733390808105
 <test> start : 2017-10-21 13:56:58.340712runtime : 0.2835853099822998
 <test> start : 2017-10-21 13:57:40.630009runtime : 0.508582592010498
 <test> start : 2017-10-21 14:02:40.352323runtime : 4.316263198852539
 <test> start : 2017-10-21 14:03:31.380089runtime : 4.237939834594727
 <test> start : 2017-10-21 14:04:18.970411runtime : 4.365800619125366
 <test> start : 2017-10-21 14:04:58.112353runtime : 2.1345138549804688
 <test> start : 2017-10-21 14:05:33.725889runtime : 2.365187168121338
 <test> start : 2017-10-21 14:05:54.973888runtime : 2.35805082321167
 <test> start : 2017-10-21 14:06:13.001213runtime : 4.076279401779175
 <test> start : 2017-10-21 14:06:37.618938runtime : 3.940270185470581
 <test> start : 2017-10-21 14:07:41.489902runtime : 2.4418342113494873
 <test> start : 2017-10-21 14:08:02.822372runtime : 2.5087361335754395
 <test> start : 2017-10-21 14:08:20.938237runtime : 4.115461111068726
 <test> start : 2017-10-21 14:08:39.223226runtime : 4.171679496765137
 <test> start : 2017-10-21 14:09:07.927462runtime : 2.145233631134033
 <test> start : 2017-10-21 14:09:24.912278runtime : 4.113842964172363
 <test> start : 2017-10-21 14:12:02.737177runtime : 4.335280418395996
 <test> start : 2017-10-21 18:44:25.683794runtime : 4.007091283798218
 <test> start : 2017-10-21 18:45:09.763566runtime : 3.9439857006073
 <test> start : 2017-10-21 18:46:12.639276runtime : 3.973297119140625
 <test> start : 2017-10-21 18:47:03.727601runtime : 4.203338146209717
 <test> start : 2017-10-21 18:47:32.828791runtime : 4.234022855758667
 <test> start : 2017-10-21 18:48:22.334962runtime : 4.151144981384277
 <test> start : 2017-10-21 18:48:48.930236runtime : 2.3831052780151367
 <test> start : 2017-10-21 18:49:11.666458runtime : 2.3210506439208984
 <test> start : 2017-10-21 18:50:13.906201runtime : 4.493436574935913
 <test> start : 2017-10-21 18:50:39.889544runtime : 4.214686632156372
 <test> start : 2017-10-21 18:51:03.783560runtime : 4.318510293960571
 <test> start : 2017-10-21 18:51:30.349438runtime : 4.207224607467651
 <test> start : 2017-10-21 18:51:54.189732runtime : 4.349374532699585
 <test> start : 2017-10-21 18:52:56.971432runtime : 4.278099775314331
 <test> start : 2017-10-21 18:53:40.435411runtime : 12.23406720161438
 <test> start : 2017-10-21 18:54:17.932765runtime : 12.89553689956665
 <test> start : 2017-10-21 18:56:26.325064runtime : 12.648127794265747
 <test> start : 2017-10-21 18:57:04.902412runtime : 0.44168615341186523
 <test> start : 2017-10-21 18:58:38.260781runtime : 0.5066757202148438
 <test> start : 2017-10-21 19:02:23.365234runtime : 0.2423710823059082
 <test> start : 2017-10-21 19:16:26.807300runtime : 14.802468299865723
 <test> start : 2017-10-21 19:18:22.731894runtime : 0.7841320037841797
 <test> start : 2017-10-21 19:19:37.066209runtime : 0.6727883815765381
 <test> start : 2017-10-21 19:21:18.249446runtime : 0.5865416526794434
 <test> start : 2017-10-21 19:21:45.564979runtime : 0.6892457008361816
 <test> start : 2017-10-21 19:22:16.805637runtime : 0.6629691123962402
 <test> start : 2017-10-21 19:23:17.645158runtime : 0.6309199333190918
 <test> start : 2017-10-21 19:23:44.157932runtime : 0.6796460151672363
 <test> start : 2017-10-21 19:23:59.354423runtime : 0.6729347705841064
 <test> start : 2017-10-21 19:24:40.631834runtime : 0.6704120635986328
 <test> start : 2017-10-21 19:25:22.735413runtime : 0.6773288249969482
 <test> start : 2017-10-21 19:25:50.885121runtime : 0.6522102355957031
 <test> start : 2017-10-21 19:26:22.342000runtime : 0.6818912029266357
 <test> start : 2017-10-21 19:27:15.648373runtime : 29.325204610824585
 <hwbattle> start : 2017-10-21 20:49:26.743404runtime : 4129.30317401886
 <test> start : 2017-10-21 20:56:10.971244runtime : 0.3956928253173828
 <test> start : 2017-10-21 20:56:37.077119runtime : 0.2901453971862793
 <test> start : 2017-10-21 21:00:54.148225runtime : 0.3266336917877197
 <test> start : 2017-10-21 21:01:12.305931runtime : 0.2688267230987549
 <test> start : 2017-10-21 21:05:10.123532runtime : 0.9258401393890381
 <test> start : 2017-10-21 21:05:39.992085runtime : 1.4197757244110107
 <test> start : 2017-10-21 21:07:11.144287runtime : 2.3195250034332275
 <test> start : 2017-10-21 21:11:01.414150runtime : 65.28011178970337
 <quasarzone> start : 2017-10-21 23:10:24.491186runtime : 6008.128273487091
 <test> start : 2017-10-23 12:36:44.379899runtime : 0.4215579032897949
 <test> start : 2017-10-23 12:37:03.487734runtime : 0.24338984489440918
 <test> start : 2017-10-23 12:37:37.222945runtime : 0.28073763847351074
 <test> start : 2017-10-23 12:43:22.373641runtime : 0.2530639171600342
 <test> start : 2017-10-23 12:45:24.801676runtime : 0.23152709007263184
 <test> start : 2017-10-23 12:45:55.074948runtime : 0.21895813941955566
 <test> start : 2017-10-23 12:46:55.080345runtime : 0.2748410701751709
 <test> start : 2017-10-23 12:47:21.954928runtime : 0.335085391998291
 <test> start : 2017-10-23 12:52:41.552409runtime : 0.2784242630004883
 <test> start : 2017-10-23 12:53:57.046686runtime : 0.8144416809082031
 <test> start : 2017-10-23 12:54:17.398712runtime : 0.3966498374938965
 <test> start : 2017-10-23 12:54:36.970768runtime : 0.8054754734039307
 <test> start : 2017-10-23 12:55:40.646456runtime : 0.2377469539642334
 <test> start : 2017-10-23 12:56:11.194219runtime : 0.22469234466552734
 <test> start : 2017-10-23 12:56:27.334154runtime : 0.2442636489868164
 <test> start : 2017-10-23 12:56:54.242110runtime : 0.27361130714416504
 <test> start : 2017-10-23 12:58:34.943779runtime : 0.39015865325927734
 <test> start : 2017-10-23 12:58:59.271694runtime : 0.28348541259765625
 <test> start : 2017-10-23 12:59:12.437917runtime : 0.22371482849121094
 <test> start : 2017-10-23 12:59:27.789772runtime : 0.969106912612915
 <test> start : 2017-10-23 12:59:54.001688runtime : 0.23174285888671875
 <test> start : 2017-10-23 13:00:10.123018runtime : 0.2688894271850586
 <test> start : 2017-10-23 13:00:35.307713runtime : 0.26299595832824707
 <test> start : 2017-10-23 13:01:49.039037runtime : 0.25316619873046875
 <test> start : 2017-10-23 13:02:09.817518runtime : 0.34795570373535156
 <test> start : 2017-10-23 13:02:27.154624runtime : 0.327345609664917
 <test> start : 2017-10-23 13:03:50.108517runtime : 0.35674500465393066
 <test> start : 2017-10-23 13:04:13.550145runtime : 0.3528883457183838
 <test> start : 2017-10-23 13:05:17.696534runtime : 0.39187192916870117
 <test> start : 2017-10-23 13:06:19.977207runtime : 0.24873948097229004
 <test> start : 2017-10-23 13:06:48.079493runtime : 0.2601027488708496
 <test> start : 2017-10-23 13:07:46.168239runtime : 0.2110157012939453
 <test> start : 2017-10-23 13:08:13.392638runtime : 0.25617074966430664
 <test> start : 2017-10-23 13:08:27.226085runtime : 0.20323824882507324
 <test> start : 2017-10-23 13:09:57.504342runtime : 0.42539477348327637
 <test> start : 2017-10-23 13:10:19.615041runtime : 0.2691373825073242
 <test> start : 2017-10-23 13:10:42.629022runtime : 1.0300989151000977
 <test> start : 2017-10-23 13:12:16.628912runtime : 0.4103260040283203
 <test> start : 2017-10-23 13:13:18.954087runtime : 0.38125109672546387
 <test> start : 2017-10-23 13:13:35.931894runtime : 0.3902397155761719
 <test> start : 2017-10-23 13:13:49.988038runtime : 0.5142366886138916
 <test> start : 2017-10-23 13:14:05.447267runtime : 0.3587074279785156
 <test> start : 2017-10-23 13:14:21.988295runtime : 1.103287935256958
 <test> start : 2017-10-23 13:15:03.874071runtime : 1.206648588180542
 <test> start : 2017-10-23 13:15:35.662485runtime : 1.3741028308868408
 <test> start : 2017-10-23 13:16:28.032830runtime : 2.986361026763916
 <test> start : 2017-10-23 13:19:01.880074runtime : 0.8699338436126709
 <test> start : 2017-10-23 13:19:51.119191runtime : 14.284661293029785
 <fmkorea> start : 2017-10-23 13:41:13.969558runtime : 0.5451228618621826
 <fmkorea> start : 2017-10-23 17:57:29.975501runtime : 14632.98434996605
 <clien> start : 2017-10-29 11:18:13.089105runtime : 2164.5273673534393
 <clien> start : 2017-10-31 09:45:44.231548runtime : 158.2666528224945
 <clien> start : 2017-10-31 09:53:13.942961runtime : 245.28906178474426
 <clien> start : 2017-10-31 10:36:09.655390runtime : 62.716485023498535
 <clien> start : 2017-10-31 10:42:29.284447runtime : 52.89829230308533