[INFO  - 2017-09-28T02:13:50.337Z] GhostDriver - Main - running on port 7340
[INFO  - 2017-09-28T02:13:51.438Z] Session [ab9596d0-a3f2-11e7-a4df-c125a7bcedc0] - page.settings - {"XSSAuditingEnabled":false,"javascriptCanCloseWindows":true,"javascriptCanOpenWindows":true,"javascriptEnabled":true,"loadImages":true,"localToRemoteUrlAccessEnabled":false,"userAgent":"Mozilla/5.0 (Windows NT 6.2; WOW64) AppleWebKit/538.1 (KHTML, like Gecko) PhantomJS/2.1.1 Safari/538.1","webSecurityEnabled":true}
[INFO  - 2017-09-28T02:13:51.439Z] Session [ab9596d0-a3f2-11e7-a4df-c125a7bcedc0] - page.customHeaders:  - {}
[INFO  - 2017-09-28T02:13:51.439Z] Session [ab9596d0-a3f2-11e7-a4df-c125a7bcedc0] - Session.negotiatedCapabilities - {"browserName":"phantomjs","version":"2.1.1","driverName":"ghostdriver","driverVersion":"1.2.0","platform":"windows-10-32bit","javascriptEnabled":true,"takesScreenshot":true,"handlesAlerts":false,"databaseEnabled":false,"locationContextEnabled":false,"applicationCacheEnabled":false,"browserConnectionEnabled":false,"cssSelectorsEnabled":true,"webStorageEnabled":false,"rotatable":false,"acceptSslCerts":false,"nativeEvents":true,"proxy":{"proxyType":"direct"}}
[INFO  - 2017-09-28T02:13:51.439Z] SessionManagerReqHand - _postNewSessionCommand - New Session Created: ab9596d0-a3f2-11e7-a4df-c125a7bcedc0
[ERROR - 2017-09-28T02:13:53.632Z] Session [ab9596d0-a3f2-11e7-a4df-c125a7bcedc0] - page.onError - msg: SyntaxError: JSON Parse error: Unexpected identifier "default8634"

  phantomjs://platform/console++.js:263 in error
[ERROR - 2017-09-28T02:13:53.632Z] Session [ab9596d0-a3f2-11e7-a4df-c125a7bcedc0] - page.onError - stack:
  parse (http://nstatic.dcinside.com/dgn/gallery/js/jquery-1.10.1.min.js:4)
  parseJSON (http://nstatic.dcinside.com/dgn/gallery/js/jquery-1.10.1.min.js:4)
  parseJSON (http://nstatic.dcinside.com/dgn/gallery/js/jquery-migrate-1.2.1.min.js:2)
  listenMessage (http://adx.turl.co.kr/adx.wif?code=61&type=2&width=300&height=250&passback=&charset=UTF-8&location=http%3A//gall.dcinside.com/board/view/%3Fid%3Dxmas%26no%3D16484%26page%3D1&rn=511986971:67)

  phantomjs://platform/console++.js:263 in error
[ERROR - 2017-09-28T02:13:53.634Z] Session [ab9596d0-a3f2-11e7-a4df-c125a7bcedc0] - page.onError - msg: SyntaxError: JSON Parse error: Unexpected identifier "default8634"

  phantomjs://platform/console++.js:263 in error
[ERROR - 2017-09-28T02:13:53.634Z] Session [ab9596d0-a3f2-11e7-a4df-c125a7bcedc0] - page.onError - stack:
  parse (http://nstatic.dcinside.com/dgn/gallery/js/jquery-1.10.1.min.js:4)
  parseJSON (http://nstatic.dcinside.com/dgn/gallery/js/jquery-1.10.1.min.js:4)
  parseJSON (http://nstatic.dcinside.com/dgn/gallery/js/jquery-migrate-1.2.1.min.js:2)
  listenMessage (http://adx.turl.co.kr/adx.wif?code=61&type=2&width=300&height=250&passback=&charset=UTF-8&location=http%3A//gall.dcinside.com/board/view/%3Fid%3Dxmas%26no%3D16484%26page%3D1&rn=511986971:67)

  phantomjs://platform/console++.js:263 in error
[ERROR - 2017-09-28T02:13:53.636Z] Session [ab9596d0-a3f2-11e7-a4df-c125a7bcedc0] - page.onError - msg: SyntaxError: JSON Parse error: Unexpected identifier "default8634"

  phantomjs://platform/console++.js:263 in error
[ERROR - 2017-09-28T02:13:53.636Z] Session [ab9596d0-a3f2-11e7-a4df-c125a7bcedc0] - page.onError - stack:
  parse (http://nstatic.dcinside.com/dgn/gallery/js/jquery-1.10.1.min.js:4)
  parseJSON (http://nstatic.dcinside.com/dgn/gallery/js/jquery-1.10.1.min.js:4)
  parseJSON (http://nstatic.dcinside.com/dgn/gallery/js/jquery-migrate-1.2.1.min.js:2)
  listenMessage (http://adx.turl.co.kr/adx.wif?code=61&type=2&width=300&height=250&passback=&charset=UTF-8&location=http%3A//gall.dcinside.com/board/view/%3Fid%3Dxmas%26no%3D16484%26page%3D1&rn=511986971:67)

  phantomjs://platform/console++.js:263 in error
