2017-10-11 23:54:29 [scrapy.core.scraper] ERROR: Spider error processing <GET http://www.bobaedream.co.kr/list?code=nnews&s_cate=&maker_no=&model_no=&or_gu=10&or_se=desc&s_selday=&pagescale=30&info3=&noticeShow=&s_select=&s_key=&level_no=&vdate=&type=list&page=1> (referer: None)
Traceback (most recent call last):
  File "c:\users\xkdlr\appdata\local\programs\python\python36-32\lib\site-packages\scrapy\utils\defer.py", line 102, in iter_errback
    yield next(it)
  File "c:\users\xkdlr\appdata\local\programs\python\python36-32\lib\site-packages\scrapy\spidermiddlewares\offsite.py", line 29, in process_spider_output
    for x in result:
  File "c:\users\xkdlr\appdata\local\programs\python\python36-32\lib\site-packages\scrapy\spidermiddlewares\referer.py", line 339, in <genexpr>
    return (_set_referer(r) for r in result or ())
  File "c:\users\xkdlr\appdata\local\programs\python\python36-32\lib\site-packages\scrapy\spidermiddlewares\urllength.py", line 37, in <genexpr>
    return (r for r in result or () if _filter(r))
  File "c:\users\xkdlr\appdata\local\programs\python\python36-32\lib\site-packages\scrapy\spidermiddlewares\depth.py", line 58, in <genexpr>
    return (r for r in result or () if _filter(r))
  File "D:\CapstoneDesign\Damoa\Git_Crawler\DamoaCrawler\Crawler\spiders\BobaeDream.py", line 48, in parse
    if select.xpath("td/span/text()").extract()[0] == "영자C":
IndexError: list index out of range
2017-10-11 23:59:26 [scrapy.core.scraper] ERROR: Spider error processing <GET http://www.bobaedream.co.kr/list?code=strange&s_cate=&maker_no=&model_no=&or_gu=10&or_se=desc&s_selday=&pagescale=30&info3=&noticeShow=&s_select=&s_key=&level_no=&vdate=&type=list&page=1> (referer: None)
Traceback (most recent call last):
  File "c:\users\xkdlr\appdata\local\programs\python\python36-32\lib\site-packages\scrapy\utils\defer.py", line 102, in iter_errback
    yield next(it)
  File "c:\users\xkdlr\appdata\local\programs\python\python36-32\lib\site-packages\scrapy\spidermiddlewares\offsite.py", line 29, in process_spider_output
    for x in result:
  File "c:\users\xkdlr\appdata\local\programs\python\python36-32\lib\site-packages\scrapy\spidermiddlewares\referer.py", line 339, in <genexpr>
    return (_set_referer(r) for r in result or ())
  File "c:\users\xkdlr\appdata\local\programs\python\python36-32\lib\site-packages\scrapy\spidermiddlewares\urllength.py", line 37, in <genexpr>
    return (r for r in result or () if _filter(r))
  File "c:\users\xkdlr\appdata\local\programs\python\python36-32\lib\site-packages\scrapy\spidermiddlewares\depth.py", line 58, in <genexpr>
    return (r for r in result or () if _filter(r))
  File "D:\CapstoneDesign\Damoa\Git_Crawler\DamoaCrawler\Crawler\spiders\BobaeDream.py", line 75, in parse
    item['date'] = createItemUseBs4(item['link'], tagName, tagAttrs, encoding="utf8", texttype="date").split("|")[-1].strip()+":00"
  File "D:\CapstoneDesign\Damoa\Git_Crawler\DamoaCrawler\Crawler\CreateItem.py", line 33, in createItemUseBs4
    origin = JoinPostUrl.find(name=name, attrs=attr).text.strip()
AttributeError: 'NoneType' object has no attribute 'text'
2017-10-12 00:03:03 [scrapy.core.scraper] ERROR: Spider error processing <GET http://www.bobaedream.co.kr/list?code=accident&s_cate=&maker_no=&model_no=&or_gu=10&or_se=desc&s_selday=&pagescale=30&info3=&noticeShow=&s_select=&s_key=&level_no=&vdate=&type=list&page=1> (referer: None)
Traceback (most recent call last):
  File "c:\users\xkdlr\appdata\local\programs\python\python36-32\lib\site-packages\scrapy\utils\defer.py", line 102, in iter_errback
    yield next(it)
  File "c:\users\xkdlr\appdata\local\programs\python\python36-32\lib\site-packages\scrapy\spidermiddlewares\offsite.py", line 29, in process_spider_output
    for x in result:
  File "c:\users\xkdlr\appdata\local\programs\python\python36-32\lib\site-packages\scrapy\spidermiddlewares\referer.py", line 339, in <genexpr>
    return (_set_referer(r) for r in result or ())
  File "c:\users\xkdlr\appdata\local\programs\python\python36-32\lib\site-packages\scrapy\spidermiddlewares\urllength.py", line 37, in <genexpr>
    return (r for r in result or () if _filter(r))
  File "c:\users\xkdlr\appdata\local\programs\python\python36-32\lib\site-packages\scrapy\spidermiddlewares\depth.py", line 58, in <genexpr>
    return (r for r in result or () if _filter(r))
  File "D:\CapstoneDesign\Damoa\Git_Crawler\DamoaCrawler\Crawler\spiders\BobaeDream.py", line 75, in parse
    item['date'] = createItemUseBs4(item['link'], tagName, tagAttrs, encoding="utf8", texttype="date").split("|")[-1].strip()+":00"
  File "D:\CapstoneDesign\Damoa\Git_Crawler\DamoaCrawler\Crawler\CreateItem.py", line 33, in createItemUseBs4
    origin = JoinPostUrl.find(name=name, attrs=attr).text.strip()
AttributeError: 'NoneType' object has no attribute 'text'
